# JRE version: Java(TM) SE Runtime Environment (8.0_201-b09) (build 1.8.0_201-b09)
# Java VM: Java HotSpot(TM) 64-Bit Server VM (25.201-b09 mixed mode windows-amd64 compressed oops)
Heap:
 PSYoungGen      total 206336K, used 12589K [0x00000000d6400000, 0x00000000e6080000, 0x0000000100000000)
  eden space 189440K, 6% used [0x00000000d6400000,0x00000000d704b7b8,0x00000000e1d00000)
  from space 16896K, 0% used [0x00000000e1d00000,0x00000000e1d00000,0x00000000e2d80000)
  to   space 19968K, 0% used [0x00000000e4d00000,0x00000000e4d00000,0x00000000e6080000)
 ParOldGen       total 112640K, used 33976K [0x0000000082c00000, 0x0000000089a00000, 0x00000000d6400000)
  object space 112640K, 30% used [0x0000000082c00000,0x0000000084d2e098,0x0000000089a00000)
 Metaspace       used 56649K, capacity 59380K, committed 59544K, reserved 1099776K
  class space    used 7880K, capacity 8376K, committed 8448K, reserved 1048576K
GC Heap History (10 events):
Event: 3.154 GC heap before
{Heap before GC invocations=8 (full 1):
 PSYoungGen      total 123904K, used 101961K [0x00000000d6400000, 0x00000000de980000, 0x0000000100000000)
  eden space 114176K, 80% used [0x00000000d6400000,0x00000000dbe173b0,0x00000000dd380000)
  from space 9728K, 99% used [0x00000000ddf80000,0x00000000de8fb400,0x00000000de900000)
  to   space 11264K, 0% used [0x00000000dd380000,0x00000000dd380000,0x00000000dde80000)
 ParOldGen       total 48640K, used 5599K [0x0000000082c00000, 0x0000000085b80000, 0x00000000d6400000)
  object space 48640K, 11% used [0x0000000082c00000,0x0000000083177ee8,0x0000000085b80000)
 Metaspace       used 33883K, capacity 35446K, committed 35496K, reserved 1079296K
  class space    used 4512K, capacity 4817K, committed 4864K, reserved 1048576K
Event: 3.167 GC heap after
Heap after GC invocations=8 (full 1):
 PSYoungGen      total 125440K, used 11240K [0x00000000d6400000, 0x00000000e4100000, 0x0000000100000000)
  eden space 114176K, 0% used [0x00000000d6400000,0x00000000d6400000,0x00000000dd380000)
  from space 11264K, 99% used [0x00000000dd380000,0x00000000dde7a398,0x00000000dde80000)
  to   space 15872K, 0% used [0x00000000e3180000,0x00000000e3180000,0x00000000e4100000)
 ParOldGen       total 48640K, used 11779K [0x0000000082c00000, 0x0000000085b80000, 0x00000000d6400000)
  object space 48640K, 24% used [0x0000000082c00000,0x0000000083780f48,0x0000000085b80000)
 Metaspace       used 33883K, capacity 35446K, committed 35496K, reserved 1079296K
  class space    used 4512K, capacity 4817K, committed 4864K, reserved 1048576K
}
Event: 3.167 GC heap before
{Heap before GC invocations=9 (full 2):
 PSYoungGen      total 125440K, used 11240K [0x00000000d6400000, 0x00000000e4100000, 0x0000000100000000)
  eden space 114176K, 0% used [0x00000000d6400000,0x00000000d6400000,0x00000000dd380000)
  from space 11264K, 99% used [0x00000000dd380000,0x00000000dde7a398,0x00000000dde80000)
  to   space 15872K, 0% used [0x00000000e3180000,0x00000000e3180000,0x00000000e4100000)
 ParOldGen       total 48640K, used 11779K [0x0000000082c00000, 0x0000000085b80000, 0x00000000d6400000)
  object space 48640K, 24% used [0x0000000082c00000,0x0000000083780f48,0x0000000085b80000)
 Metaspace       used 33883K, capacity 35446K, committed 35496K, reserved 1079296K
  class space    used 4512K, capacity 4817K, committed 4864K, reserved 1048576K
Event: 3.246 GC heap after
Heap after GC invocations=9 (full 2):
 PSYoungGen      total 125440K, used 0K [0x00000000d6400000, 0x00000000e4100000, 0x0000000100000000)
  eden space 114176K, 0% used [0x00000000d6400000,0x00000000d6400000,0x00000000dd380000)
  from space 11264K, 0% used [0x00000000dd380000,0x00000000dd380000,0x00000000dde80000)
  to   space 15872K, 0% used [0x00000000e3180000,0x00000000e3180000,0x00000000e4100000)
 ParOldGen       total 84480K, used 21728K [0x0000000082c00000, 0x0000000087e80000, 0x00000000d6400000)
  object space 84480K, 25% used [0x0000000082c00000,0x0000000084138198,0x0000000087e80000)
 Metaspace       used 33883K, capacity 35446K, committed 35496K, reserved 1079296K
  class space    used 4512K, capacity 4817K, committed 4864K, reserved 1048576K
}
Event: 4.190 GC heap before
{Heap before GC invocations=10 (full 2):
 PSYoungGen      total 125440K, used 114176K [0x00000000d6400000, 0x00000000e4100000, 0x0000000100000000)
  eden space 114176K, 100% used [0x00000000d6400000,0x00000000dd380000,0x00000000dd380000)
  from space 11264K, 0% used [0x00000000dd380000,0x00000000dd380000,0x00000000dde80000)
  to   space 15872K, 0% used [0x00000000e3180000,0x00000000e3180000,0x00000000e4100000)
 ParOldGen       total 84480K, used 21728K [0x0000000082c00000, 0x0000000087e80000, 0x00000000d6400000)
  object space 84480K, 25% used [0x0000000082c00000,0x0000000084138198,0x0000000087e80000)
 Metaspace       used 44537K, capacity 46228K, committed 46464K, reserved 1089536K
  class space    used 6131K, capacity 6470K, committed 6528K, reserved 1048576K
Event: 4.202 GC heap after
Heap after GC invocations=10 (full 2):
 PSYoungGen      total 185344K, used 12544K [0x00000000d6400000, 0x00000000e3e00000, 0x0000000100000000)
  eden space 172544K, 0% used [0x00000000d6400000,0x00000000d6400000,0x00000000e0c80000)
  from space 12800K, 98% used [0x00000000e3180000,0x00000000e3dc00f8,0x00000000e3e00000)
  to   space 16896K, 0% used [0x00000000e1d00000,0x00000000e1d00000,0x00000000e2d80000)
 ParOldGen       total 84480K, used 21744K [0x0000000082c00000, 0x0000000087e80000, 0x00000000d6400000)
  object space 84480K, 25% used [0x0000000082c00000,0x000000008413c198,0x0000000087e80000)
 Metaspace       used 44537K, capacity 46228K, committed 46464K, reserved 1089536K
  class space    used 6131K, capacity 6470K, committed 6528K, reserved 1048576K
}
Event: 17.487 GC heap before
{Heap before GC invocations=11 (full 2):
 PSYoungGen      total 185344K, used 172245K [0x00000000d6400000, 0x00000000e3e00000, 0x0000000100000000)
  eden space 172544K, 92% used [0x00000000d6400000,0x00000000dfff5638,0x00000000e0c80000)
  from space 12800K, 98% used [0x00000000e3180000,0x00000000e3dc00f8,0x00000000e3e00000)
  to   space 16896K, 0% used [0x00000000e1d00000,0x00000000e1d00000,0x00000000e2d80000)
 ParOldGen       total 84480K, used 21744K [0x0000000082c00000, 0x0000000087e80000, 0x00000000d6400000)
  object space 84480K, 25% used [0x0000000082c00000,0x000000008413c198,0x0000000087e80000)
 Metaspace       used 56433K, capacity 59088K, committed 59160K, reserved 1099776K
  class space    used 7833K, capacity 8304K, committed 8320K, reserved 1048576K
Event: 17.504 GC heap after
Heap after GC invocations=11 (full 2):
 PSYoungGen      total 206336K, used 16864K [0x00000000d6400000, 0x00000000e6080000, 0x0000000100000000)
  eden space 189440K, 0% used [0x00000000d6400000,0x00000000d6400000,0x00000000e1d00000)
  from space 16896K, 99% used [0x00000000e1d00000,0x00000000e2d781e8,0x00000000e2d80000)
  to   space 19968K, 0% used [0x00000000e4d00000,0x00000000e4d00000,0x00000000e6080000)
 ParOldGen       total 84480K, used 23349K [0x0000000082c00000, 0x0000000087e80000, 0x00000000d6400000)
  object space 84480K, 27% used [0x0000000082c00000,0x00000000842cd4e0,0x0000000087e80000)
 Metaspace       used 56433K, capacity 59088K, committed 59160K, reserved 1099776K
  class space    used 7833K, capacity 8304K, committed 8320K, reserved 1048576K
}
Event: 17.504 GC heap before
{Heap before GC invocations=12 (full 3):
 PSYoungGen      total 206336K, used 16864K [0x00000000d6400000, 0x00000000e6080000, 0x0000000100000000)
  eden space 189440K, 0% used [0x00000000d6400000,0x00000000d6400000,0x00000000e1d00000)
  from space 16896K, 99% used [0x00000000e1d00000,0x00000000e2d781e8,0x00000000e2d80000)
  to   space 19968K, 0% used [0x00000000e4d00000,0x00000000e4d00000,0x00000000e6080000)
 ParOldGen       total 84480K, used 23349K [0x0000000082c00000, 0x0000000087e80000, 0x00000000d6400000)
  object space 84480K, 27% used [0x0000000082c00000,0x00000000842cd4e0,0x0000000087e80000)
 Metaspace       used 56433K, capacity 59088K, committed 59160K, reserved 1099776K
  class space    used 7833K, capacity 8304K, committed 8320K, reserved 1048576K
Event: 17.633 GC heap after
Heap after GC invocations=12 (full 3):
 PSYoungGen      total 206336K, used 0K [0x00000000d6400000, 0x00000000e6080000, 0x0000000100000000)
  eden space 189440K, 0% used [0x00000000d6400000,0x00000000d6400000,0x00000000e1d00000)
  from space 16896K, 0% used [0x00000000e1d00000,0x00000000e1d00000,0x00000000e2d80000)
  to   space 19968K, 0% used [0x00000000e4d00000,0x00000000e4d00000,0x00000000e6080000)
 ParOldGen       total 112640K, used 33976K [0x0000000082c00000, 0x0000000089a00000, 0x00000000d6400000)
  object space 112640K, 30% used [0x0000000082c00000,0x0000000084d2e098,0x0000000089a00000)
 Metaspace       used 56433K, capacity 59088K, committed 59160K, reserved 1099776K
  class space    used 7833K, capacity 8304K, committed 8320K, reserved 1048576K
}

